This file contains any messages produced by compilers while
running configure, to aid debugging if configure makes a mistake.

It was created by Xar configure 1.5.2, which was
generated by GNU Autoconf 2.59.  Invocation command line was

  $ ./configure 

## --------- ##
## Platform. ##
## --------- ##

hostname = kali
uname -m = x86_64
uname -r = 4.6.0-kali1-amd64
uname -s = Linux
uname -v = #1 SMP Debian 4.6.4-1kali1 (2016-07-21)

/usr/bin/uname -p = unknown
/bin/uname -X     = unknown

/bin/arch              = unknown
/usr/bin/arch -k       = unknown
/usr/convex/getsysinfo = unknown
hostinfo               = unknown
/bin/machine           = unknown
/usr/bin/oslevel       = unknown
/bin/universe          = unknown

PATH: /usr/local/sbin
PATH: /usr/local/bin
PATH: /usr/sbin
PATH: /usr/bin
PATH: /sbin
PATH: /bin


## ----------- ##
## Core tests. ##
## ----------- ##

configure:1429: checking for gcc
configure:1445: found /usr/bin/gcc
configure:1455: result: gcc
configure:1699: checking for C compiler version
configure:1702: gcc --version </dev/null >&5
gcc (Debian 6.3.0-6) 6.3.0 20170205
Copyright (C) 2016 Free Software Foundation, Inc.
This is free software; see the source for copying conditions.  There is NO
warranty; not even for MERCHANTABILITY or FITNESS FOR A PARTICULAR PURPOSE.

configure:1705: $? = 0
configure:1707: gcc -v </dev/null >&5
Using built-in specs.
COLLECT_GCC=gcc
COLLECT_LTO_WRAPPER=/usr/lib/gcc/x86_64-linux-gnu/6/lto-wrapper
Target: x86_64-linux-gnu
Configured with: ../src/configure -v --with-pkgversion='Debian 6.3.0-6' --with-bugurl=file:///usr/share/doc/gcc-6/README.Bugs --enable-languages=c,ada,c++,java,go,d,fortran,objc,obj-c++ --prefix=/usr --program-suffix=-6 --program-prefix=x86_64-linux-gnu- --enable-shared --enable-linker-build-id --libexecdir=/usr/lib --without-included-gettext --enable-threads=posix --libdir=/usr/lib --enable-nls --with-sysroot=/ --enable-clocale=gnu --enable-libstdcxx-debug --enable-libstdcxx-time=yes --with-default-libstdcxx-abi=new --enable-gnu-unique-object --disable-vtable-verify --enable-libmpx --enable-plugin --enable-default-pie --with-system-zlib --disable-browser-plugin --enable-java-awt=gtk --enable-gtk-cairo --with-java-home=/usr/lib/jvm/java-1.5.0-gcj-6-amd64/jre --enable-java-home --with-jvm-root-dir=/usr/lib/jvm/java-1.5.0-gcj-6-amd64 --with-jvm-jar-dir=/usr/lib/jvm-exports/java-1.5.0-gcj-6-amd64 --with-arch-directory=amd64 --with-ecj-jar=/usr/share/java/eclipse-ecj.jar --with-target-system-zlib --enable-objc-gc=auto --enable-multiarch --with-arch-32=i686 --with-abi=m64 --with-multilib-list=m32,m64,mx32 --enable-multilib --with-tune=generic --enable-checking=release --build=x86_64-linux-gnu --host=x86_64-linux-gnu --target=x86_64-linux-gnu
Thread model: posix
gcc version 6.3.0 20170205 (Debian 6.3.0-6) 
configure:1710: $? = 0
configure:1712: gcc -V </dev/null >&5
gcc: error: unrecognized command line option '-V'
gcc: fatal error: no input files
compilation terminated.
configure:1715: $? = 1
configure:1738: checking for C compiler default output file name
configure:1741: gcc    conftest.c  >&5
configure:1744: $? = 0
configure:1790: result: a.out
configure:1795: checking whether the C compiler works
configure:1801: ./a.out
configure:1804: $? = 0
configure:1821: result: yes
configure:1828: checking whether we are cross compiling
configure:1830: result: no
configure:1833: checking for suffix of executables
configure:1835: gcc -o conftest    conftest.c  >&5
configure:1838: $? = 0
configure:1863: result: 
configure:1869: checking for suffix of object files
configure:1890: gcc -c   conftest.c >&5
configure:1893: $? = 0
configure:1915: result: o
configure:1919: checking whether we are using the GNU C compiler
configure:1943: gcc -c   conftest.c >&5
configure:1949: $? = 0
configure:1953: test -z 
			 || test ! -s conftest.err
configure:1956: $? = 0
configure:1959: test -s conftest.o
configure:1962: $? = 0
configure:1975: result: yes
configure:1981: checking whether gcc accepts -g
configure:2002: gcc -c -g  conftest.c >&5
configure:2008: $? = 0
configure:2012: test -z 
			 || test ! -s conftest.err
configure:2015: $? = 0
configure:2018: test -s conftest.o
configure:2021: $? = 0
configure:2032: result: yes
configure:2049: checking for gcc option to accept ANSI C
configure:2119: gcc  -c   conftest.c >&5
configure:2125: $? = 0
configure:2129: test -z 
			 || test ! -s conftest.err
configure:2132: $? = 0
configure:2135: test -s conftest.o
configure:2138: $? = 0
configure:2156: result: none needed
configure:2174: gcc -c   conftest.c >&5
conftest.c:2:3: error: unknown type name 'choke'
   choke me
   ^~~~~
conftest.c:2:3: error: expected '=', ',', ';', 'asm' or '__attribute__' at end of input
configure:2180: $? = 1
configure: failed program was:
| #ifndef __cplusplus
|   choke me
| #endif
configure:2321: checking for special C compiler options needed for large files
configure:2420: result: no
configure:2426: checking for _FILE_OFFSET_BITS value needed for large files
configure:2457: gcc -c   conftest.c >&5
configure:2463: $? = 0
configure:2467: test -z 
			 || test ! -s conftest.err
configure:2470: $? = 0
configure:2473: test -s conftest.o
configure:2476: $? = 0
configure:2541: result: no
configure:2551: checking for _LARGE_FILES value needed for large files
configure:2582: gcc -c   conftest.c >&5
configure:2588: $? = 0
configure:2592: test -z 
			 || test ! -s conftest.err
configure:2595: $? = 0
configure:2598: test -s conftest.o
configure:2601: $? = 0
configure:2666: result: no
configure:2692: checking how to run the C preprocessor
configure:2727: gcc -E  conftest.c
configure:2733: $? = 0
configure:2765: gcc -E  conftest.c
conftest.c:9:28: fatal error: ac_nonexistent.h: No such file or directory
 #include <ac_nonexistent.h>
                            ^
compilation terminated.
configure:2771: $? = 1
configure: failed program was:
| /* confdefs.h.  */
| 
| #define PACKAGE_NAME "Xar"
| #define PACKAGE_TARNAME "xar"
| #define PACKAGE_VERSION "1.5.2"
| #define PACKAGE_STRING "Xar 1.5.2"
| #define PACKAGE_BUGREPORT "xar-devel@googlegroups.com"
| /* end confdefs.h.  */
| #include <ac_nonexistent.h>
configure:2810: result: gcc -E
configure:2834: gcc -E  conftest.c
configure:2840: $? = 0
configure:2872: gcc -E  conftest.c
conftest.c:9:28: fatal error: ac_nonexistent.h: No such file or directory
 #include <ac_nonexistent.h>
                            ^
compilation terminated.
configure:2878: $? = 1
configure: failed program was:
| /* confdefs.h.  */
| 
| #define PACKAGE_NAME "Xar"
| #define PACKAGE_TARNAME "xar"
| #define PACKAGE_VERSION "1.5.2"
| #define PACKAGE_STRING "Xar 1.5.2"
| #define PACKAGE_BUGREPORT "xar-devel@googlegroups.com"
| /* end confdefs.h.  */
| #include <ac_nonexistent.h>
configure:2960: checking for a BSD-compatible install
configure:3015: result: /usr/bin/install -c
configure:3028: checking for ld
configure:3046: found /usr/bin/ld
configure:3058: result: /usr/bin/ld
configure:3067: checking for ar
configure:3085: found /usr/bin/ar
configure:3097: result: /usr/bin/ar
configure:3106: checking for ranlib
configure:3124: found /usr/bin/ranlib
configure:3136: result: /usr/bin/ranlib
configure:3145: checking for autoconf
configure:3178: result: no
configure:3184: checking whether to build shared libraries
configure:3193: result: yes
configure:3197: checking whether to build static libraries
configure:3206: result: yes
configure:3218: checking build system type
configure:3236: result: x86_64-unknown-linux-gnu
configure:3244: checking host system type
configure:3258: result: x86_64-unknown-linux-gnu
configure:3386: gcc -c -Wall -g  -D_GNU_SOURCE conftest.c >&5
conftest.c:10:21: fatal error: sys/acl.h: No such file or directory
 #include <sys/acl.h>
                     ^
compilation terminated.
configure:3392: $? = 1
configure: failed program was:
| /* confdefs.h.  */
| 
| #define PACKAGE_NAME "Xar"
| #define PACKAGE_TARNAME "xar"
| #define PACKAGE_VERSION "1.5.2"
| #define PACKAGE_STRING "Xar 1.5.2"
| #define PACKAGE_BUGREPORT "xar-devel@googlegroups.com"
| /* end confdefs.h.  */
| #include <sys/types.h>
| #include <sys/acl.h>
| int
| main ()
| {
| acl_t a
|   ;
|   return 0;
| }
configure:3419: checking for egrep
configure:3429: result: grep -E
configure:3434: checking for ANSI C header files
configure:3459: gcc -c -Wall -g  -D_GNU_SOURCE conftest.c >&5
configure:3465: $? = 0
configure:3469: test -z 
			 || test ! -s conftest.err
configure:3472: $? = 0
configure:3475: test -s conftest.o
configure:3478: $? = 0
configure:3567: gcc -o conftest -Wall -g  -D_GNU_SOURCE  conftest.c  >&5
conftest.c: In function 'main':
conftest.c:26:7: warning: implicit declaration of function 'exit' [-Wimplicit-function-declaration]
       exit(2);
       ^~~~
conftest.c:26:7: warning: incompatible implicit declaration of built-in function 'exit'
conftest.c:26:7: note: include '<stdlib.h>' or provide a declaration of 'exit'
conftest.c:27:3: warning: incompatible implicit declaration of built-in function 'exit'
   exit (0);
   ^~~~
conftest.c:27:3: note: include '<stdlib.h>' or provide a declaration of 'exit'
configure:3570: $? = 0
configure:3572: ./conftest
configure:3575: $? = 0
configure:3590: result: yes
configure:3614: checking for sys/types.h
configure:3630: gcc -c -Wall -g  -D_GNU_SOURCE conftest.c >&5
configure:3636: $? = 0
configure:3640: test -z 
			 || test ! -s conftest.err
configure:3643: $? = 0
configure:3646: test -s conftest.o
configure:3649: $? = 0
configure:3660: result: yes
configure:3614: checking for sys/stat.h
configure:3630: gcc -c -Wall -g  -D_GNU_SOURCE conftest.c >&5
configure:3636: $? = 0
configure:3640: test -z 
			 || test ! -s conftest.err
configure:3643: $? = 0
configure:3646: test -s conftest.o
configure:3649: $? = 0
configure:3660: result: yes
configure:3614: checking for stdlib.h
configure:3630: gcc -c -Wall -g  -D_GNU_SOURCE conftest.c >&5
configure:3636: $? = 0
configure:3640: test -z 
			 || test ! -s conftest.err
configure:3643: $? = 0
configure:3646: test -s conftest.o
configure:3649: $? = 0
configure:3660: result: yes
configure:3614: checking for string.h
configure:3630: gcc -c -Wall -g  -D_GNU_SOURCE conftest.c >&5
configure:3636: $? = 0
configure:3640: test -z 
			 || test ! -s conftest.err
configure:3643: $? = 0
configure:3646: test -s conftest.o
configure:3649: $? = 0
configure:3660: result: yes
configure:3614: checking for memory.h
configure:3630: gcc -c -Wall -g  -D_GNU_SOURCE conftest.c >&5
configure:3636: $? = 0
configure:3640: test -z 
			 || test ! -s conftest.err
configure:3643: $? = 0
configure:3646: test -s conftest.o
configure:3649: $? = 0
configure:3660: result: yes
configure:3614: checking for strings.h
configure:3630: gcc -c -Wall -g  -D_GNU_SOURCE conftest.c >&5
configure:3636: $? = 0
configure:3640: test -z 
			 || test ! -s conftest.err
configure:3643: $? = 0
configure:3646: test -s conftest.o
configure:3649: $? = 0
configure:3660: result: yes
configure:3614: checking for inttypes.h
configure:3630: gcc -c -Wall -g  -D_GNU_SOURCE conftest.c >&5
configure:3636: $? = 0
configure:3640: test -z 
			 || test ! -s conftest.err
configure:3643: $? = 0
configure:3646: test -s conftest.o
configure:3649: $? = 0
configure:3660: result: yes
configure:3614: checking for stdint.h
configure:3630: gcc -c -Wall -g  -D_GNU_SOURCE conftest.c >&5
configure:3636: $? = 0
configure:3640: test -z 
			 || test ! -s conftest.err
configure:3643: $? = 0
configure:3646: test -s conftest.o
configure:3649: $? = 0
configure:3660: result: yes
configure:3614: checking for unistd.h
configure:3630: gcc -c -Wall -g  -D_GNU_SOURCE conftest.c >&5
configure:3636: $? = 0
configure:3640: test -z 
			 || test ! -s conftest.err
configure:3643: $? = 0
configure:3646: test -s conftest.o
configure:3649: $? = 0
configure:3660: result: yes
configure:3691: checking ext2fs/ext2_fs.h usability
configure:3703: gcc -c -Wall -g  -D_GNU_SOURCE conftest.c >&5
conftest.c:53:28: fatal error: ext2fs/ext2_fs.h: No such file or directory
 #include <ext2fs/ext2_fs.h>
                            ^
compilation terminated.
configure:3709: $? = 1
configure: failed program was:
| /* confdefs.h.  */
| 
| #define PACKAGE_NAME "Xar"
| #define PACKAGE_TARNAME "xar"
| #define PACKAGE_VERSION "1.5.2"
| #define PACKAGE_STRING "Xar 1.5.2"
| #define PACKAGE_BUGREPORT "xar-devel@googlegroups.com"
| #define STDC_HEADERS 1
| #define HAVE_SYS_TYPES_H 1
| #define HAVE_SYS_STAT_H 1
| #define HAVE_STDLIB_H 1
| #define HAVE_STRING_H 1
| #define HAVE_MEMORY_H 1
| #define HAVE_STRINGS_H 1
| #define HAVE_INTTYPES_H 1
| #define HAVE_STDINT_H 1
| #define HAVE_UNISTD_H 1
| /* end confdefs.h.  */
| #include <stdio.h>
| #if HAVE_SYS_TYPES_H
| # include <sys/types.h>
| #endif
| #if HAVE_SYS_STAT_H
| # include <sys/stat.h>
| #endif
| #if STDC_HEADERS
| # include <stdlib.h>
| # include <stddef.h>
| #else
| # if HAVE_STDLIB_H
| #  include <stdlib.h>
| # endif
| #endif
| #if HAVE_STRING_H
| # if !STDC_HEADERS && HAVE_MEMORY_H
| #  include <memory.h>
| # endif
| # include <string.h>
| #endif
| #if HAVE_STRINGS_H
| # include <strings.h>
| #endif
| #if HAVE_INTTYPES_H
| # include <inttypes.h>
| #else
| # if HAVE_STDINT_H
| #  include <stdint.h>
| # endif
| #endif
| #if HAVE_UNISTD_H
| # include <unistd.h>
| #endif
| #include <ext2fs/ext2_fs.h>
configure:3732: result: no
configure:3736: checking ext2fs/ext2_fs.h presence
configure:3746: gcc -E  -D_GNU_SOURCE conftest.c
conftest.c:19:28: fatal error: ext2fs/ext2_fs.h: No such file or directory
 #include <ext2fs/ext2_fs.h>
                            ^
compilation terminated.
configure:3752: $? = 1
configure: failed program was:
| /* confdefs.h.  */
| 
| #define PACKAGE_NAME "Xar"
| #define PACKAGE_TARNAME "xar"
| #define PACKAGE_VERSION "1.5.2"
| #define PACKAGE_STRING "Xar 1.5.2"
| #define PACKAGE_BUGREPORT "xar-devel@googlegroups.com"
| #define STDC_HEADERS 1
| #define HAVE_SYS_TYPES_H 1
| #define HAVE_SYS_STAT_H 1
| #define HAVE_STDLIB_H 1
| #define HAVE_STRING_H 1
| #define HAVE_MEMORY_H 1
| #define HAVE_STRINGS_H 1
| #define HAVE_INTTYPES_H 1
| #define HAVE_STDINT_H 1
| #define HAVE_UNISTD_H 1
| /* end confdefs.h.  */
| #include <ext2fs/ext2_fs.h>
configure:3772: result: no
configure:3807: checking for ext2fs/ext2_fs.h
configure:3814: result: no
configure:3691: checking sys/statfs.h usability
configure:3703: gcc -c -Wall -g  -D_GNU_SOURCE conftest.c >&5
configure:3709: $? = 0
configure:3713: test -z 
			 || test ! -s conftest.err
configure:3716: $? = 0
configure:3719: test -s conftest.o
configure:3722: $? = 0
configure:3732: result: yes
configure:3736: checking sys/statfs.h presence
configure:3746: gcc -E  -D_GNU_SOURCE conftest.c
configure:3752: $? = 0
configure:3772: result: yes
configure:3807: checking for sys/statfs.h
configure:3814: result: yes
configure:3691: checking sys/xattr.h usability
configure:3703: gcc -c -Wall -g  -D_GNU_SOURCE conftest.c >&5
configure:3709: $? = 0
configure:3713: test -z 
			 || test ! -s conftest.err
configure:3716: $? = 0
configure:3719: test -s conftest.o
configure:3722: $? = 0
configure:3732: result: yes
configure:3736: checking sys/xattr.h presence
configure:3746: gcc -E  -D_GNU_SOURCE conftest.c
configure:3752: $? = 0
configure:3772: result: yes
configure:3807: checking for sys/xattr.h
configure:3814: result: yes
configure:3691: checking sys/param.h usability
configure:3703: gcc -c -Wall -g  -D_GNU_SOURCE conftest.c >&5
configure:3709: $? = 0
configure:3713: test -z 
			 || test ! -s conftest.err
configure:3716: $? = 0
configure:3719: test -s conftest.o
configure:3722: $? = 0
configure:3732: result: yes
configure:3736: checking sys/param.h presence
configure:3746: gcc -E  -D_GNU_SOURCE conftest.c
configure:3752: $? = 0
configure:3772: result: yes
configure:3807: checking for sys/param.h
configure:3814: result: yes
configure:3691: checking sys/extattr.h usability
configure:3703: gcc -c -Wall -g  -D_GNU_SOURCE conftest.c >&5
conftest.c:56:25: fatal error: sys/extattr.h: No such file or directory
 #include <sys/extattr.h>
                         ^
compilation terminated.
configure:3709: $? = 1
configure: failed program was:
| /* confdefs.h.  */
| 
| #define PACKAGE_NAME "Xar"
| #define PACKAGE_TARNAME "xar"
| #define PACKAGE_VERSION "1.5.2"
| #define PACKAGE_STRING "Xar 1.5.2"
| #define PACKAGE_BUGREPORT "xar-devel@googlegroups.com"
| #define STDC_HEADERS 1
| #define HAVE_SYS_TYPES_H 1
| #define HAVE_SYS_STAT_H 1
| #define HAVE_STDLIB_H 1
| #define HAVE_STRING_H 1
| #define HAVE_MEMORY_H 1
| #define HAVE_STRINGS_H 1
| #define HAVE_INTTYPES_H 1
| #define HAVE_STDINT_H 1
| #define HAVE_UNISTD_H 1
| #define HAVE_SYS_STATFS_H 1
| #define HAVE_SYS_XATTR_H 1
| #define HAVE_SYS_PARAM_H 1
| /* end confdefs.h.  */
| #include <stdio.h>
| #if HAVE_SYS_TYPES_H
| # include <sys/types.h>
| #endif
| #if HAVE_SYS_STAT_H
| # include <sys/stat.h>
| #endif
| #if STDC_HEADERS
| # include <stdlib.h>
| # include <stddef.h>
| #else
| # if HAVE_STDLIB_H
| #  include <stdlib.h>
| # endif
| #endif
| #if HAVE_STRING_H
| # if !STDC_HEADERS && HAVE_MEMORY_H
| #  include <memory.h>
| # endif
| # include <string.h>
| #endif
| #if HAVE_STRINGS_H
| # include <strings.h>
| #endif
| #if HAVE_INTTYPES_H
| # include <inttypes.h>
| #else
| # if HAVE_STDINT_H
| #  include <stdint.h>
| # endif
| #endif
| #if HAVE_UNISTD_H
| # include <unistd.h>
| #endif
| #include <sys/extattr.h>
configure:3732: result: no
configure:3736: checking sys/extattr.h presence
configure:3746: gcc -E  -D_GNU_SOURCE conftest.c
conftest.c:22:25: fatal error: sys/extattr.h: No such file or directory
 #include <sys/extattr.h>
                         ^
compilation terminated.
configure:3752: $? = 1
configure: failed program was:
| /* confdefs.h.  */
| 
| #define PACKAGE_NAME "Xar"
| #define PACKAGE_TARNAME "xar"
| #define PACKAGE_VERSION "1.5.2"
| #define PACKAGE_STRING "Xar 1.5.2"
| #define PACKAGE_BUGREPORT "xar-devel@googlegroups.com"
| #define STDC_HEADERS 1
| #define HAVE_SYS_TYPES_H 1
| #define HAVE_SYS_STAT_H 1
| #define HAVE_STDLIB_H 1
| #define HAVE_STRING_H 1
| #define HAVE_MEMORY_H 1
| #define HAVE_STRINGS_H 1
| #define HAVE_INTTYPES_H 1
| #define HAVE_STDINT_H 1
| #define HAVE_UNISTD_H 1
| #define HAVE_SYS_STATFS_H 1
| #define HAVE_SYS_XATTR_H 1
| #define HAVE_SYS_PARAM_H 1
| /* end confdefs.h.  */
| #include <sys/extattr.h>
configure:3772: result: no
configure:3807: checking for sys/extattr.h
configure:3814: result: no
configure:3691: checking libutil.h usability
configure:3703: gcc -c -Wall -g  -D_GNU_SOURCE conftest.c >&5
conftest.c:56:21: fatal error: libutil.h: No such file or directory
 #include <libutil.h>
                     ^
compilation terminated.
configure:3709: $? = 1
configure: failed program was:
| /* confdefs.h.  */
| 
| #define PACKAGE_NAME "Xar"
| #define PACKAGE_TARNAME "xar"
| #define PACKAGE_VERSION "1.5.2"
| #define PACKAGE_STRING "Xar 1.5.2"
| #define PACKAGE_BUGREPORT "xar-devel@googlegroups.com"
| #define STDC_HEADERS 1
| #define HAVE_SYS_TYPES_H 1
| #define HAVE_SYS_STAT_H 1
| #define HAVE_STDLIB_H 1
| #define HAVE_STRING_H 1
| #define HAVE_MEMORY_H 1
| #define HAVE_STRINGS_H 1
| #define HAVE_INTTYPES_H 1
| #define HAVE_STDINT_H 1
| #define HAVE_UNISTD_H 1
| #define HAVE_SYS_STATFS_H 1
| #define HAVE_SYS_XATTR_H 1
| #define HAVE_SYS_PARAM_H 1
| /* end confdefs.h.  */
| #include <stdio.h>
| #if HAVE_SYS_TYPES_H
| # include <sys/types.h>
| #endif
| #if HAVE_SYS_STAT_H
| # include <sys/stat.h>
| #endif
| #if STDC_HEADERS
| # include <stdlib.h>
| # include <stddef.h>
| #else
| # if HAVE_STDLIB_H
| #  include <stdlib.h>
| # endif
| #endif
| #if HAVE_STRING_H
| # if !STDC_HEADERS && HAVE_MEMORY_H
| #  include <memory.h>
| # endif
| # include <string.h>
| #endif
| #if HAVE_STRINGS_H
| # include <strings.h>
| #endif
| #if HAVE_INTTYPES_H
| # include <inttypes.h>
| #else
| # if HAVE_STDINT_H
| #  include <stdint.h>
| # endif
| #endif
| #if HAVE_UNISTD_H
| # include <unistd.h>
| #endif
| #include <libutil.h>
configure:3732: result: no
configure:3736: checking libutil.h presence
configure:3746: gcc -E  -D_GNU_SOURCE conftest.c
conftest.c:22:21: fatal error: libutil.h: No such file or directory
 #include <libutil.h>
                     ^
compilation terminated.
configure:3752: $? = 1
configure: failed program was:
| /* confdefs.h.  */
| 
| #define PACKAGE_NAME "Xar"
| #define PACKAGE_TARNAME "xar"
| #define PACKAGE_VERSION "1.5.2"
| #define PACKAGE_STRING "Xar 1.5.2"
| #define PACKAGE_BUGREPORT "xar-devel@googlegroups.com"
| #define STDC_HEADERS 1
| #define HAVE_SYS_TYPES_H 1
| #define HAVE_SYS_STAT_H 1
| #define HAVE_STDLIB_H 1
| #define HAVE_STRING_H 1
| #define HAVE_MEMORY_H 1
| #define HAVE_STRINGS_H 1
| #define HAVE_INTTYPES_H 1
| #define HAVE_STDINT_H 1
| #define HAVE_UNISTD_H 1
| #define HAVE_SYS_STATFS_H 1
| #define HAVE_SYS_XATTR_H 1
| #define HAVE_SYS_PARAM_H 1
| /* end confdefs.h.  */
| #include <libutil.h>
configure:3772: result: no
configure:3807: checking for libutil.h
configure:3814: result: no
configure:3831: checking for lgetxattr
configure:3888: gcc -o conftest -Wall -g  -D_GNU_SOURCE  conftest.c  >&5
configure:3894: $? = 0
configure:3898: test -z 
			 || test ! -s conftest.err
configure:3901: $? = 0
configure:3904: test -s conftest
configure:3907: $? = 0
configure:3919: result: yes
configure:3933: checking for lsetxattr
configure:3990: gcc -o conftest -Wall -g  -D_GNU_SOURCE  conftest.c  >&5
configure:3996: $? = 0
configure:4000: test -z 
			 || test ! -s conftest.err
configure:4003: $? = 0
configure:4006: test -s conftest
configure:4009: $? = 0
configure:4021: result: yes
configure:4035: checking for getxattr
configure:4092: gcc -o conftest -Wall -g  -D_GNU_SOURCE  conftest.c  >&5
configure:4098: $? = 0
configure:4102: test -z 
			 || test ! -s conftest.err
configure:4105: $? = 0
configure:4108: test -s conftest
configure:4111: $? = 0
configure:4123: result: yes
configure:4137: checking for setxattr
configure:4194: gcc -o conftest -Wall -g  -D_GNU_SOURCE  conftest.c  >&5
configure:4200: $? = 0
configure:4204: test -z 
			 || test ! -s conftest.err
configure:4207: $? = 0
configure:4210: test -s conftest
configure:4213: $? = 0
configure:4225: result: yes
configure:4239: checking for getattrlist
configure:4296: gcc -o conftest -Wall -g  -D_GNU_SOURCE  conftest.c  >&5
/tmp/ccJsJziN.o: In function `main':
/opt/ObfuscatedEmpire/setup/xar-1.5.2/conftest.c:66: undefined reference to `getattrlist'
/tmp/ccJsJziN.o:(.data.rel+0x0): undefined reference to `getattrlist'
collect2: error: ld returned 1 exit status
configure:4302: $? = 1
configure: failed program was:
| /* confdefs.h.  */
| 
| #define PACKAGE_NAME "Xar"
| #define PACKAGE_TARNAME "xar"
| #define PACKAGE_VERSION "1.5.2"
| #define PACKAGE_STRING "Xar 1.5.2"
| #define PACKAGE_BUGREPORT "xar-devel@googlegroups.com"
| #define STDC_HEADERS 1
| #define HAVE_SYS_TYPES_H 1
| #define HAVE_SYS_STAT_H 1
| #define HAVE_STDLIB_H 1
| #define HAVE_STRING_H 1
| #define HAVE_MEMORY_H 1
| #define HAVE_STRINGS_H 1
| #define HAVE_INTTYPES_H 1
| #define HAVE_STDINT_H 1
| #define HAVE_UNISTD_H 1
| #define HAVE_SYS_STATFS_H 1
| #define HAVE_SYS_XATTR_H 1
| #define HAVE_SYS_PARAM_H 1
| #define HAVE_LGETXATTR 1
| #define HAVE_LSETXATTR 1
| #define HAVE_GETXATTR 1
| #define HAVE_SETXATTR 1
| /* end confdefs.h.  */
| /* Define getattrlist to an innocuous variant, in case <limits.h> declares getattrlist.
|    For example, HP-UX 11i <limits.h> declares gettimeofday.  */
| #define getattrlist innocuous_getattrlist
| 
| /* System header to define __stub macros and hopefully few prototypes,
|     which can conflict with char getattrlist (); below.
|     Prefer <limits.h> to <assert.h> if __STDC__ is defined, since
|     <limits.h> exists even on freestanding compilers.  */
| 
| #ifdef __STDC__
| # include <limits.h>
| #else
| # include <assert.h>
| #endif
| 
| #undef getattrlist
| 
| /* Override any gcc2 internal prototype to avoid an error.  */
| #ifdef __cplusplus
| extern "C"
| {
| #endif
| /* We use char because int might match the return type of a gcc2
|    builtin and then its argument prototype would still apply.  */
| char getattrlist ();
| /* The GNU C library defines this for functions which it implements
|     to always fail with ENOSYS.  Some functions are actually named
|     something starting with __ and the normal name is an alias.  */
| #if defined (__stub_getattrlist) || defined (__stub___getattrlist)
| choke me
| #else
| char (*f) () = getattrlist;
| #endif
| #ifdef __cplusplus
| }
| #endif
| 
| int
| main ()
| {
| return f != getattrlist;
|   ;
|   return 0;
| }
configure:4327: result: no
configure:4341: checking for setattrlist
configure:4398: gcc -o conftest -Wall -g  -D_GNU_SOURCE  conftest.c  >&5
/tmp/ccPqcw2U.o: In function `main':
/opt/ObfuscatedEmpire/setup/xar-1.5.2/conftest.c:66: undefined reference to `setattrlist'
/tmp/ccPqcw2U.o:(.data.rel+0x0): undefined reference to `setattrlist'
collect2: error: ld returned 1 exit status
configure:4404: $? = 1
configure: failed program was:
| /* confdefs.h.  */
| 
| #define PACKAGE_NAME "Xar"
| #define PACKAGE_TARNAME "xar"
| #define PACKAGE_VERSION "1.5.2"
| #define PACKAGE_STRING "Xar 1.5.2"
| #define PACKAGE_BUGREPORT "xar-devel@googlegroups.com"
| #define STDC_HEADERS 1
| #define HAVE_SYS_TYPES_H 1
| #define HAVE_SYS_STAT_H 1
| #define HAVE_STDLIB_H 1
| #define HAVE_STRING_H 1
| #define HAVE_MEMORY_H 1
| #define HAVE_STRINGS_H 1
| #define HAVE_INTTYPES_H 1
| #define HAVE_STDINT_H 1
| #define HAVE_UNISTD_H 1
| #define HAVE_SYS_STATFS_H 1
| #define HAVE_SYS_XATTR_H 1
| #define HAVE_SYS_PARAM_H 1
| #define HAVE_LGETXATTR 1
| #define HAVE_LSETXATTR 1
| #define HAVE_GETXATTR 1
| #define HAVE_SETXATTR 1
| /* end confdefs.h.  */
| /* Define setattrlist to an innocuous variant, in case <limits.h> declares setattrlist.
|    For example, HP-UX 11i <limits.h> declares gettimeofday.  */
| #define setattrlist innocuous_setattrlist
| 
| /* System header to define __stub macros and hopefully few prototypes,
|     which can conflict with char setattrlist (); below.
|     Prefer <limits.h> to <assert.h> if __STDC__ is defined, since
|     <limits.h> exists even on freestanding compilers.  */
| 
| #ifdef __STDC__
| # include <limits.h>
| #else
| # include <assert.h>
| #endif
| 
| #undef setattrlist
| 
| /* Override any gcc2 internal prototype to avoid an error.  */
| #ifdef __cplusplus
| extern "C"
| {
| #endif
| /* We use char because int might match the return type of a gcc2
|    builtin and then its argument prototype would still apply.  */
| char setattrlist ();
| /* The GNU C library defines this for functions which it implements
|     to always fail with ENOSYS.  Some functions are actually named
|     something starting with __ and the normal name is an alias.  */
| #if defined (__stub_setattrlist) || defined (__stub___setattrlist)
| choke me
| #else
| char (*f) () = setattrlist;
| #endif
| #ifdef __cplusplus
| }
| #endif
| 
| int
| main ()
| {
| return f != setattrlist;
|   ;
|   return 0;
| }
configure:4429: result: no
configure:4443: checking for lchmod
configure:4500: gcc -o conftest -Wall -g  -D_GNU_SOURCE  conftest.c  >&5
conftest.c:55:1: error: unknown type name 'choke'
 choke me
 ^~~~~
conftest.c:63:1: error: expected '=', ',', ';', 'asm' or '__attribute__' before 'int'
 int
 ^~~
configure:4506: $? = 1
configure: failed program was:
| /* confdefs.h.  */
| 
| #define PACKAGE_NAME "Xar"
| #define PACKAGE_TARNAME "xar"
| #define PACKAGE_VERSION "1.5.2"
| #define PACKAGE_STRING "Xar 1.5.2"
| #define PACKAGE_BUGREPORT "xar-devel@googlegroups.com"
| #define STDC_HEADERS 1
| #define HAVE_SYS_TYPES_H 1
| #define HAVE_SYS_STAT_H 1
| #define HAVE_STDLIB_H 1
| #define HAVE_STRING_H 1
| #define HAVE_MEMORY_H 1
| #define HAVE_STRINGS_H 1
| #define HAVE_INTTYPES_H 1
| #define HAVE_STDINT_H 1
| #define HAVE_UNISTD_H 1
| #define HAVE_SYS_STATFS_H 1
| #define HAVE_SYS_XATTR_H 1
| #define HAVE_SYS_PARAM_H 1
| #define HAVE_LGETXATTR 1
| #define HAVE_LSETXATTR 1
| #define HAVE_GETXATTR 1
| #define HAVE_SETXATTR 1
| /* end confdefs.h.  */
| /* Define lchmod to an innocuous variant, in case <limits.h> declares lchmod.
|    For example, HP-UX 11i <limits.h> declares gettimeofday.  */
| #define lchmod innocuous_lchmod
| 
| /* System header to define __stub macros and hopefully few prototypes,
|     which can conflict with char lchmod (); below.
|     Prefer <limits.h> to <assert.h> if __STDC__ is defined, since
|     <limits.h> exists even on freestanding compilers.  */
| 
| #ifdef __STDC__
| # include <limits.h>
| #else
| # include <assert.h>
| #endif
| 
| #undef lchmod
| 
| /* Override any gcc2 internal prototype to avoid an error.  */
| #ifdef __cplusplus
| extern "C"
| {
| #endif
| /* We use char because int might match the return type of a gcc2
|    builtin and then its argument prototype would still apply.  */
| char lchmod ();
| /* The GNU C library defines this for functions which it implements
|     to always fail with ENOSYS.  Some functions are actually named
|     something starting with __ and the normal name is an alias.  */
| #if defined (__stub_lchmod) || defined (__stub___lchmod)
| choke me
| #else
| char (*f) () = lchmod;
| #endif
| #ifdef __cplusplus
| }
| #endif
| 
| int
| main ()
| {
| return f != lchmod;
|   ;
|   return 0;
| }
configure:4531: result: no
configure:4545: checking for lchown
configure:4602: gcc -o conftest -Wall -g  -D_GNU_SOURCE  conftest.c  >&5
configure:4608: $? = 0
configure:4612: test -z 
			 || test ! -s conftest.err
configure:4615: $? = 0
configure:4618: test -s conftest
configure:4621: $? = 0
configure:4633: result: yes
configure:4647: checking for chflags
configure:4704: gcc -o conftest -Wall -g  -D_GNU_SOURCE  conftest.c  >&5
conftest.c:56:1: error: unknown type name 'choke'
 choke me
 ^~~~~
conftest.c:64:1: error: expected '=', ',', ';', 'asm' or '__attribute__' before 'int'
 int
 ^~~
configure:4710: $? = 1
configure: failed program was:
| /* confdefs.h.  */
| 
| #define PACKAGE_NAME "Xar"
| #define PACKAGE_TARNAME "xar"
| #define PACKAGE_VERSION "1.5.2"
| #define PACKAGE_STRING "Xar 1.5.2"
| #define PACKAGE_BUGREPORT "xar-devel@googlegroups.com"
| #define STDC_HEADERS 1
| #define HAVE_SYS_TYPES_H 1
| #define HAVE_SYS_STAT_H 1
| #define HAVE_STDLIB_H 1
| #define HAVE_STRING_H 1
| #define HAVE_MEMORY_H 1
| #define HAVE_STRINGS_H 1
| #define HAVE_INTTYPES_H 1
| #define HAVE_STDINT_H 1
| #define HAVE_UNISTD_H 1
| #define HAVE_SYS_STATFS_H 1
| #define HAVE_SYS_XATTR_H 1
| #define HAVE_SYS_PARAM_H 1
| #define HAVE_LGETXATTR 1
| #define HAVE_LSETXATTR 1
| #define HAVE_GETXATTR 1
| #define HAVE_SETXATTR 1
| #define HAVE_LCHOWN 1
| /* end confdefs.h.  */
| /* Define chflags to an innocuous variant, in case <limits.h> declares chflags.
|    For example, HP-UX 11i <limits.h> declares gettimeofday.  */
| #define chflags innocuous_chflags
| 
| /* System header to define __stub macros and hopefully few prototypes,
|     which can conflict with char chflags (); below.
|     Prefer <limits.h> to <assert.h> if __STDC__ is defined, since
|     <limits.h> exists even on freestanding compilers.  */
| 
| #ifdef __STDC__
| # include <limits.h>
| #else
| # include <assert.h>
| #endif
| 
| #undef chflags
| 
| /* Override any gcc2 internal prototype to avoid an error.  */
| #ifdef __cplusplus
| extern "C"
| {
| #endif
| /* We use char because int might match the return type of a gcc2
|    builtin and then its argument prototype would still apply.  */
| char chflags ();
| /* The GNU C library defines this for functions which it implements
|     to always fail with ENOSYS.  Some functions are actually named
|     something starting with __ and the normal name is an alias.  */
| #if defined (__stub_chflags) || defined (__stub___chflags)
| choke me
| #else
| char (*f) () = chflags;
| #endif
| #ifdef __cplusplus
| }
| #endif
| 
| int
| main ()
| {
| return f != chflags;
|   ;
|   return 0;
| }
configure:4735: result: no
configure:4749: checking for statvfs
configure:4806: gcc -o conftest -Wall -g  -D_GNU_SOURCE  conftest.c  >&5
configure:4812: $? = 0
configure:4816: test -z 
			 || test ! -s conftest.err
configure:4819: $? = 0
configure:4822: test -s conftest
configure:4825: $? = 0
configure:4837: result: yes
configure:4851: checking for statfs
configure:4908: gcc -o conftest -Wall -g  -D_GNU_SOURCE  conftest.c  >&5
configure:4914: $? = 0
configure:4918: test -z 
			 || test ! -s conftest.err
configure:4921: $? = 0
configure:4924: test -s conftest
configure:4927: $? = 0
configure:4939: result: yes
configure:4953: checking for strmode
configure:5010: gcc -o conftest -Wall -g  -D_GNU_SOURCE  conftest.c  >&5
/tmp/ccxnLABu.o: In function `main':
/opt/ObfuscatedEmpire/setup/xar-1.5.2/conftest.c:69: undefined reference to `strmode'
/tmp/ccxnLABu.o:(.data.rel+0x0): undefined reference to `strmode'
collect2: error: ld returned 1 exit status
configure:5016: $? = 1
configure: failed program was:
| /* confdefs.h.  */
| 
| #define PACKAGE_NAME "Xar"
| #define PACKAGE_TARNAME "xar"
| #define PACKAGE_VERSION "1.5.2"
| #define PACKAGE_STRING "Xar 1.5.2"
| #define PACKAGE_BUGREPORT "xar-devel@googlegroups.com"
| #define STDC_HEADERS 1
| #define HAVE_SYS_TYPES_H 1
| #define HAVE_SYS_STAT_H 1
| #define HAVE_STDLIB_H 1
| #define HAVE_STRING_H 1
| #define HAVE_MEMORY_H 1
| #define HAVE_STRINGS_H 1
| #define HAVE_INTTYPES_H 1
| #define HAVE_STDINT_H 1
| #define HAVE_UNISTD_H 1
| #define HAVE_SYS_STATFS_H 1
| #define HAVE_SYS_XATTR_H 1
| #define HAVE_SYS_PARAM_H 1
| #define HAVE_LGETXATTR 1
| #define HAVE_LSETXATTR 1
| #define HAVE_GETXATTR 1
| #define HAVE_SETXATTR 1
| #define HAVE_LCHOWN 1
| #define HAVE_STATVFS 1
| #define HAVE_STATFS 1
| /* end confdefs.h.  */
| /* Define strmode to an innocuous variant, in case <limits.h> declares strmode.
|    For example, HP-UX 11i <limits.h> declares gettimeofday.  */
| #define strmode innocuous_strmode
| 
| /* System header to define __stub macros and hopefully few prototypes,
|     which can conflict with char strmode (); below.
|     Prefer <limits.h> to <assert.h> if __STDC__ is defined, since
|     <limits.h> exists even on freestanding compilers.  */
| 
| #ifdef __STDC__
| # include <limits.h>
| #else
| # include <assert.h>
| #endif
| 
| #undef strmode
| 
| /* Override any gcc2 internal prototype to avoid an error.  */
| #ifdef __cplusplus
| extern "C"
| {
| #endif
| /* We use char because int might match the return type of a gcc2
|    builtin and then its argument prototype would still apply.  */
| char strmode ();
| /* The GNU C library defines this for functions which it implements
|     to always fail with ENOSYS.  Some functions are actually named
|     something starting with __ and the normal name is an alias.  */
| #if defined (__stub_strmode) || defined (__stub___strmode)
| choke me
| #else
| char (*f) () = strmode;
| #endif
| #ifdef __cplusplus
| }
| #endif
| 
| int
| main ()
| {
| return f != strmode;
|   ;
|   return 0;
| }
configure:5041: result: no
configure:5052: checking for struct statfs.f_fstypename
configure:5078: gcc -c -Wall -g  -D_GNU_SOURCE conftest.c >&5
conftest.c: In function 'main':
conftest.c:36:22: error: storage size of 'ac_aggr' isn't known
 static struct statfs ac_aggr;
                      ^~~~~~~
conftest.c:36:22: warning: unused variable 'ac_aggr' [-Wunused-variable]
configure:5084: $? = 1
configure: failed program was:
| /* confdefs.h.  */
| 
| #define PACKAGE_NAME "Xar"
| #define PACKAGE_TARNAME "xar"
| #define PACKAGE_VERSION "1.5.2"
| #define PACKAGE_STRING "Xar 1.5.2"
| #define PACKAGE_BUGREPORT "xar-devel@googlegroups.com"
| #define STDC_HEADERS 1
| #define HAVE_SYS_TYPES_H 1
| #define HAVE_SYS_STAT_H 1
| #define HAVE_STDLIB_H 1
| #define HAVE_STRING_H 1
| #define HAVE_MEMORY_H 1
| #define HAVE_STRINGS_H 1
| #define HAVE_INTTYPES_H 1
| #define HAVE_STDINT_H 1
| #define HAVE_UNISTD_H 1
| #define HAVE_SYS_STATFS_H 1
| #define HAVE_SYS_XATTR_H 1
| #define HAVE_SYS_PARAM_H 1
| #define HAVE_LGETXATTR 1
| #define HAVE_LSETXATTR 1
| #define HAVE_GETXATTR 1
| #define HAVE_SETXATTR 1
| #define HAVE_LCHOWN 1
| #define HAVE_STATVFS 1
| #define HAVE_STATFS 1
| /* end confdefs.h.  */
| #include <sys/types.h>
| #include <sys/param.h>
| #include <sys/mount.h>
| 
| int
| main ()
| {
| static struct statfs ac_aggr;
| if (ac_aggr.f_fstypename)
| return 0;
|   ;
|   return 0;
| }
configure:5125: gcc -c -Wall -g  -D_GNU_SOURCE conftest.c >&5
conftest.c: In function 'main':
conftest.c:36:22: error: storage size of 'ac_aggr' isn't known
 static struct statfs ac_aggr;
                      ^~~~~~~
conftest.c:36:22: warning: unused variable 'ac_aggr' [-Wunused-variable]
configure:5131: $? = 1
configure: failed program was:
| /* confdefs.h.  */
| 
| #define PACKAGE_NAME "Xar"
| #define PACKAGE_TARNAME "xar"
| #define PACKAGE_VERSION "1.5.2"
| #define PACKAGE_STRING "Xar 1.5.2"
| #define PACKAGE_BUGREPORT "xar-devel@googlegroups.com"
| #define STDC_HEADERS 1
| #define HAVE_SYS_TYPES_H 1
| #define HAVE_SYS_STAT_H 1
| #define HAVE_STDLIB_H 1
| #define HAVE_STRING_H 1
| #define HAVE_MEMORY_H 1
| #define HAVE_STRINGS_H 1
| #define HAVE_INTTYPES_H 1
| #define HAVE_STDINT_H 1
| #define HAVE_UNISTD_H 1
| #define HAVE_SYS_STATFS_H 1
| #define HAVE_SYS_XATTR_H 1
| #define HAVE_SYS_PARAM_H 1
| #define HAVE_LGETXATTR 1
| #define HAVE_LSETXATTR 1
| #define HAVE_GETXATTR 1
| #define HAVE_SETXATTR 1
| #define HAVE_LCHOWN 1
| #define HAVE_STATVFS 1
| #define HAVE_STATFS 1
| /* end confdefs.h.  */
| #include <sys/types.h>
| #include <sys/param.h>
| #include <sys/mount.h>
| 
| int
| main ()
| {
| static struct statfs ac_aggr;
| if (sizeof ac_aggr.f_fstypename)
| return 0;
|   ;
|   return 0;
| }
configure:5157: result: no
configure:5168: checking for struct statvfs.f_fstypename
configure:5192: gcc -c -Wall -g  -D_GNU_SOURCE conftest.c >&5
conftest.c: In function 'main':
conftest.c:35:12: error: 'struct statvfs' has no member named 'f_fstypename'
 if (ac_aggr.f_fstypename)
            ^
conftest.c:34:23: warning: variable 'ac_aggr' set but not used [-Wunused-but-set-variable]
 static struct statvfs ac_aggr;
                       ^~~~~~~
configure:5198: $? = 1
configure: failed program was:
| /* confdefs.h.  */
| 
| #define PACKAGE_NAME "Xar"
| #define PACKAGE_TARNAME "xar"
| #define PACKAGE_VERSION "1.5.2"
| #define PACKAGE_STRING "Xar 1.5.2"
| #define PACKAGE_BUGREPORT "xar-devel@googlegroups.com"
| #define STDC_HEADERS 1
| #define HAVE_SYS_TYPES_H 1
| #define HAVE_SYS_STAT_H 1
| #define HAVE_STDLIB_H 1
| #define HAVE_STRING_H 1
| #define HAVE_MEMORY_H 1
| #define HAVE_STRINGS_H 1
| #define HAVE_INTTYPES_H 1
| #define HAVE_STDINT_H 1
| #define HAVE_UNISTD_H 1
| #define HAVE_SYS_STATFS_H 1
| #define HAVE_SYS_XATTR_H 1
| #define HAVE_SYS_PARAM_H 1
| #define HAVE_LGETXATTR 1
| #define HAVE_LSETXATTR 1
| #define HAVE_GETXATTR 1
| #define HAVE_SETXATTR 1
| #define HAVE_LCHOWN 1
| #define HAVE_STATVFS 1
| #define HAVE_STATFS 1
| /* end confdefs.h.  */
| #include <sys/statvfs.h>
| 
| int
| main ()
| {
| static struct statvfs ac_aggr;
| if (ac_aggr.f_fstypename)
| return 0;
|   ;
|   return 0;
| }
configure:5237: gcc -c -Wall -g  -D_GNU_SOURCE conftest.c >&5
conftest.c: In function 'main':
conftest.c:35:19: error: 'struct statvfs' has no member named 'f_fstypename'
 if (sizeof ac_aggr.f_fstypename)
                   ^
conftest.c:34:23: warning: variable 'ac_aggr' set but not used [-Wunused-but-set-variable]
 static struct statvfs ac_aggr;
                       ^~~~~~~
configure:5243: $? = 1
configure: failed program was:
| /* confdefs.h.  */
| 
| #define PACKAGE_NAME "Xar"
| #define PACKAGE_TARNAME "xar"
| #define PACKAGE_VERSION "1.5.2"
| #define PACKAGE_STRING "Xar 1.5.2"
| #define PACKAGE_BUGREPORT "xar-devel@googlegroups.com"
| #define STDC_HEADERS 1
| #define HAVE_SYS_TYPES_H 1
| #define HAVE_SYS_STAT_H 1
| #define HAVE_STDLIB_H 1
| #define HAVE_STRING_H 1
| #define HAVE_MEMORY_H 1
| #define HAVE_STRINGS_H 1
| #define HAVE_INTTYPES_H 1
| #define HAVE_STDINT_H 1
| #define HAVE_UNISTD_H 1
| #define HAVE_SYS_STATFS_H 1
| #define HAVE_SYS_XATTR_H 1
| #define HAVE_SYS_PARAM_H 1
| #define HAVE_LGETXATTR 1
| #define HAVE_LSETXATTR 1
| #define HAVE_GETXATTR 1
| #define HAVE_SETXATTR 1
| #define HAVE_LCHOWN 1
| #define HAVE_STATVFS 1
| #define HAVE_STATFS 1
| /* end confdefs.h.  */
| #include <sys/statvfs.h>
| 
| int
| main ()
| {
| static struct statvfs ac_aggr;
| if (sizeof ac_aggr.f_fstypename)
| return 0;
|   ;
|   return 0;
| }
configure:5269: result: no
configure:5280: checking for struct stat.st_flags
configure:5303: gcc -c -Wall -g  -D_GNU_SOURCE conftest.c >&5
conftest.c: In function 'main':
conftest.c:67:12: error: 'struct stat' has no member named 'st_flags'; did you mean 'st_nlink'?
 if (ac_aggr.st_flags)
            ^
conftest.c:66:20: warning: variable 'ac_aggr' set but not used [-Wunused-but-set-variable]
 static struct stat ac_aggr;
                    ^~~~~~~
configure:5309: $? = 1
configure: failed program was:
| /* confdefs.h.  */
| 
| #define PACKAGE_NAME "Xar"
| #define PACKAGE_TARNAME "xar"
| #define PACKAGE_VERSION "1.5.2"
| #define PACKAGE_STRING "Xar 1.5.2"
| #define PACKAGE_BUGREPORT "xar-devel@googlegroups.com"
| #define STDC_HEADERS 1
| #define HAVE_SYS_TYPES_H 1
| #define HAVE_SYS_STAT_H 1
| #define HAVE_STDLIB_H 1
| #define HAVE_STRING_H 1
| #define HAVE_MEMORY_H 1
| #define HAVE_STRINGS_H 1
| #define HAVE_INTTYPES_H 1
| #define HAVE_STDINT_H 1
| #define HAVE_UNISTD_H 1
| #define HAVE_SYS_STATFS_H 1
| #define HAVE_SYS_XATTR_H 1
| #define HAVE_SYS_PARAM_H 1
| #define HAVE_LGETXATTR 1
| #define HAVE_LSETXATTR 1
| #define HAVE_GETXATTR 1
| #define HAVE_SETXATTR 1
| #define HAVE_LCHOWN 1
| #define HAVE_STATVFS 1
| #define HAVE_STATFS 1
| /* end confdefs.h.  */
| #include <stdio.h>
| #if HAVE_SYS_TYPES_H
| # include <sys/types.h>
| #endif
| #if HAVE_SYS_STAT_H
| # include <sys/stat.h>
| #endif
| #if STDC_HEADERS
| # include <stdlib.h>
| # include <stddef.h>
| #else
| # if HAVE_STDLIB_H
| #  include <stdlib.h>
| # endif
| #endif
| #if HAVE_STRING_H
| # if !STDC_HEADERS && HAVE_MEMORY_H
| #  include <memory.h>
| # endif
| # include <string.h>
| #endif
| #if HAVE_STRINGS_H
| # include <strings.h>
| #endif
| #if HAVE_INTTYPES_H
| # include <inttypes.h>
| #else
| # if HAVE_STDINT_H
| #  include <stdint.h>
| # endif
| #endif
| #if HAVE_UNISTD_H
| # include <unistd.h>
| #endif
| int
| main ()
| {
| static struct stat ac_aggr;
| if (ac_aggr.st_flags)
| return 0;
|   ;
|   return 0;
| }
configure:5347: gcc -c -Wall -g  -D_GNU_SOURCE conftest.c >&5
conftest.c: In function 'main':
conftest.c:67:19: error: 'struct stat' has no member named 'st_flags'; did you mean 'st_nlink'?
 if (sizeof ac_aggr.st_flags)
                   ^
conftest.c:66:20: warning: variable 'ac_aggr' set but not used [-Wunused-but-set-variable]
 static struct stat ac_aggr;
                    ^~~~~~~
configure:5353: $? = 1
configure: failed program was:
| /* confdefs.h.  */
| 
| #define PACKAGE_NAME "Xar"
| #define PACKAGE_TARNAME "xar"
| #define PACKAGE_VERSION "1.5.2"
| #define PACKAGE_STRING "Xar 1.5.2"
| #define PACKAGE_BUGREPORT "xar-devel@googlegroups.com"
| #define STDC_HEADERS 1
| #define HAVE_SYS_TYPES_H 1
| #define HAVE_SYS_STAT_H 1
| #define HAVE_STDLIB_H 1
| #define HAVE_STRING_H 1
| #define HAVE_MEMORY_H 1
| #define HAVE_STRINGS_H 1
| #define HAVE_INTTYPES_H 1
| #define HAVE_STDINT_H 1
| #define HAVE_UNISTD_H 1
| #define HAVE_SYS_STATFS_H 1
| #define HAVE_SYS_XATTR_H 1
| #define HAVE_SYS_PARAM_H 1
| #define HAVE_LGETXATTR 1
| #define HAVE_LSETXATTR 1
| #define HAVE_GETXATTR 1
| #define HAVE_SETXATTR 1
| #define HAVE_LCHOWN 1
| #define HAVE_STATVFS 1
| #define HAVE_STATFS 1
| /* end confdefs.h.  */
| #include <stdio.h>
| #if HAVE_SYS_TYPES_H
| # include <sys/types.h>
| #endif
| #if HAVE_SYS_STAT_H
| # include <sys/stat.h>
| #endif
| #if STDC_HEADERS
| # include <stdlib.h>
| # include <stddef.h>
| #else
| # if HAVE_STDLIB_H
| #  include <stdlib.h>
| # endif
| #endif
| #if HAVE_STRING_H
| # if !STDC_HEADERS && HAVE_MEMORY_H
| #  include <memory.h>
| # endif
| # include <string.h>
| #endif
| #if HAVE_STRINGS_H
| # include <strings.h>
| #endif
| #if HAVE_INTTYPES_H
| # include <inttypes.h>
| #else
| # if HAVE_STDINT_H
| #  include <stdint.h>
| # endif
| #endif
| #if HAVE_UNISTD_H
| # include <unistd.h>
| #endif
| int
| main ()
| {
| static struct stat ac_aggr;
| if (sizeof ac_aggr.st_flags)
| return 0;
|   ;
|   return 0;
| }
configure:5379: result: no
configure:5391: checking for uid_t
configure:5415: gcc -c -Wall -g  -D_GNU_SOURCE conftest.c >&5
configure:5421: $? = 0
configure:5425: test -z 
			 || test ! -s conftest.err
configure:5428: $? = 0
configure:5431: test -s conftest.o
configure:5434: $? = 0
configure:5445: result: yes
configure:5448: checking size of uid_t
configure:5767: gcc -o conftest -Wall -g  -D_GNU_SOURCE  conftest.c  >&5
configure:5770: $? = 0
configure:5772: ./conftest
configure:5775: $? = 0
configure:5798: result: 4
configure:5829: checking for gid_t
configure:5853: gcc -c -Wall -g  -D_GNU_SOURCE conftest.c >&5
configure:5859: $? = 0
configure:5863: test -z 
			 || test ! -s conftest.err
configure:5866: $? = 0
configure:5869: test -s conftest.o
configure:5872: $? = 0
configure:5883: result: yes
configure:5886: checking size of gid_t
configure:6205: gcc -o conftest -Wall -g  -D_GNU_SOURCE  conftest.c  >&5
configure:6208: $? = 0
configure:6210: ./conftest
configure:6213: $? = 0
configure:6236: result: 4
configure:6267: checking for ino_t
configure:6291: gcc -c -Wall -g  -D_GNU_SOURCE conftest.c >&5
configure:6297: $? = 0
configure:6301: test -z 
			 || test ! -s conftest.err
configure:6304: $? = 0
configure:6307: test -s conftest.o
configure:6310: $? = 0
configure:6321: result: yes
configure:6324: checking size of ino_t
configure:6643: gcc -o conftest -Wall -g  -D_GNU_SOURCE  conftest.c  >&5
configure:6646: $? = 0
configure:6648: ./conftest
configure:6651: $? = 0
configure:6674: result: 8
configure:6713: checking for dev_t
configure:6737: gcc -c -Wall -g  -D_GNU_SOURCE conftest.c >&5
configure:6743: $? = 0
configure:6747: test -z 
			 || test ! -s conftest.err
configure:6750: $? = 0
configure:6753: test -s conftest.o
configure:6756: $? = 0
configure:6767: result: yes
configure:6770: checking size of dev_t
configure:7089: gcc -o conftest -Wall -g  -D_GNU_SOURCE  conftest.c  >&5
configure:7092: $? = 0
configure:7094: ./conftest
configure:7097: $? = 0
configure:7120: result: 8
configure:7160: checking for acl_get_file in -lacl
configure:7190: gcc -o conftest -Wall -g  -D_GNU_SOURCE  conftest.c -lacl   >&5
/usr/bin/ld: cannot find -lacl
collect2: error: ld returned 1 exit status
configure:7196: $? = 1
configure: failed program was:
| /* confdefs.h.  */
| 
| #define PACKAGE_NAME "Xar"
| #define PACKAGE_TARNAME "xar"
| #define PACKAGE_VERSION "1.5.2"
| #define PACKAGE_STRING "Xar 1.5.2"
| #define PACKAGE_BUGREPORT "xar-devel@googlegroups.com"
| #define STDC_HEADERS 1
| #define HAVE_SYS_TYPES_H 1
| #define HAVE_SYS_STAT_H 1
| #define HAVE_STDLIB_H 1
| #define HAVE_STRING_H 1
| #define HAVE_MEMORY_H 1
| #define HAVE_STRINGS_H 1
| #define HAVE_INTTYPES_H 1
| #define HAVE_STDINT_H 1
| #define HAVE_UNISTD_H 1
| #define HAVE_SYS_STATFS_H 1
| #define HAVE_SYS_XATTR_H 1
| #define HAVE_SYS_PARAM_H 1
| #define HAVE_LGETXATTR 1
| #define HAVE_LSETXATTR 1
| #define HAVE_GETXATTR 1
| #define HAVE_SETXATTR 1
| #define HAVE_LCHOWN 1
| #define HAVE_STATVFS 1
| #define HAVE_STATFS 1
| #define SIZEOF_UID_T 4
| #define UID_STRING RId32
| #define UID_CAST (uint32_t)
| #define SIZEOF_GID_T 4
| #define GID_STRING PRId32
| #define GID_CAST (uint32_t)
| #define SIZEOF_INO_T 8
| #define INO_STRING PRId64
| #define INO_HEXSTRING PRIx64
| #define INO_CAST (uint64_t)
| #define SIZEOF_DEV_T 8
| #define DEV_STRING PRId64
| #define DEV_HEXSTRING PRIx64
| #define DEV_CAST (uint64_t)
| /* end confdefs.h.  */
| 
| /* Override any gcc2 internal prototype to avoid an error.  */
| #ifdef __cplusplus
| extern "C"
| #endif
| /* We use char because int might match the return type of a gcc2
|    builtin and then its argument prototype would still apply.  */
| char acl_get_file ();
| int
| main ()
| {
| acl_get_file ();
|   ;
|   return 0;
| }
configure:7222: result: no
configure:7236: checking for asprintf
configure:7293: gcc -o conftest -Wall -g  -D_GNU_SOURCE  conftest.c  >&5
configure:7299: $? = 0
configure:7303: test -z 
			 || test ! -s conftest.err
configure:7306: $? = 0
configure:7309: test -s conftest
configure:7312: $? = 0
configure:7324: result: yes
configure:7361: checking for xml2-config
configure:7379: found /usr/bin/xml2-config
configure:7391: result: /usr/bin/xml2-config
configure:7405: checking for libxml >= 2.6.11
configure:7423: result: 2.9.4
configure:7444: checking libxml/xmlwriter.h usability
configure:7456: gcc -c -Wall -g  -D_GNU_SOURCE -I/usr/include/libxml2 conftest.c >&5
configure:7462: $? = 0
configure:7466: test -z 
			 || test ! -s conftest.err
configure:7469: $? = 0
configure:7472: test -s conftest.o
configure:7475: $? = 0
configure:7485: result: yes
configure:7489: checking libxml/xmlwriter.h presence
configure:7499: gcc -E  -D_GNU_SOURCE -I/usr/include/libxml2 conftest.c
configure:7505: $? = 0
configure:7525: result: yes
configure:7560: checking for libxml/xmlwriter.h
configure:7567: result: yes
configure:7600: checking openssl/evp.h usability
configure:7612: gcc -c -Wall -g  -D_GNU_SOURCE -I/usr/include/libxml2 conftest.c >&5
configure:7618: $? = 0
configure:7622: test -z 
			 || test ! -s conftest.err
configure:7625: $? = 0
configure:7628: test -s conftest.o
configure:7631: $? = 0
configure:7641: result: yes
configure:7645: checking openssl/evp.h presence
configure:7655: gcc -E  -D_GNU_SOURCE -I/usr/include/libxml2 conftest.c
configure:7661: $? = 0
configure:7681: result: yes
configure:7716: checking for openssl/evp.h
configure:7723: result: yes
configure:7739: checking for OpenSSL_add_all_ciphers in -lcrypto
configure:7769: gcc -o conftest -Wall -g  -D_GNU_SOURCE -I/usr/include/libxml2  conftest.c -lcrypto   -lxml2 >&5
/tmp/cc3NWGmz.o: In function `main':
/opt/ObfuscatedEmpire/setup/xar-1.5.2/conftest.c:56: undefined reference to `OpenSSL_add_all_ciphers'
collect2: error: ld returned 1 exit status
configure:7775: $? = 1
configure: failed program was:
| /* confdefs.h.  */
| 
| #define PACKAGE_NAME "Xar"
| #define PACKAGE_TARNAME "xar"
| #define PACKAGE_VERSION "1.5.2"
| #define PACKAGE_STRING "Xar 1.5.2"
| #define PACKAGE_BUGREPORT "xar-devel@googlegroups.com"
| #define STDC_HEADERS 1
| #define HAVE_SYS_TYPES_H 1
| #define HAVE_SYS_STAT_H 1
| #define HAVE_STDLIB_H 1
| #define HAVE_STRING_H 1
| #define HAVE_MEMORY_H 1
| #define HAVE_STRINGS_H 1
| #define HAVE_INTTYPES_H 1
| #define HAVE_STDINT_H 1
| #define HAVE_UNISTD_H 1
| #define HAVE_SYS_STATFS_H 1
| #define HAVE_SYS_XATTR_H 1
| #define HAVE_SYS_PARAM_H 1
| #define HAVE_LGETXATTR 1
| #define HAVE_LSETXATTR 1
| #define HAVE_GETXATTR 1
| #define HAVE_SETXATTR 1
| #define HAVE_LCHOWN 1
| #define HAVE_STATVFS 1
| #define HAVE_STATFS 1
| #define SIZEOF_UID_T 4
| #define UID_STRING RId32
| #define UID_CAST (uint32_t)
| #define SIZEOF_GID_T 4
| #define GID_STRING PRId32
| #define GID_CAST (uint32_t)
| #define SIZEOF_INO_T 8
| #define INO_STRING PRId64
| #define INO_HEXSTRING PRIx64
| #define INO_CAST (uint64_t)
| #define SIZEOF_DEV_T 8
| #define DEV_STRING PRId64
| #define DEV_HEXSTRING PRIx64
| #define DEV_CAST (uint64_t)
| #define HAVE_ASPRINTF 1
| #define HAVE_OPENSSL_EVP_H 1
| /* end confdefs.h.  */
| 
| /* Override any gcc2 internal prototype to avoid an error.  */
| #ifdef __cplusplus
| extern "C"
| #endif
| /* We use char because int might match the return type of a gcc2
|    builtin and then its argument prototype would still apply.  */
| char OpenSSL_add_all_ciphers ();
| int
| main ()
| {
| OpenSSL_add_all_ciphers ();
|   ;
|   return 0;
| }
configure:7801: result: no
configure:7815: error: Cannot build without libcrypto (OpenSSL)

## ---------------- ##
## Cache variables. ##
## ---------------- ##

ac_cv_build=x86_64-unknown-linux-gnu
ac_cv_build_alias=x86_64-unknown-linux-gnu
ac_cv_c_compiler_gnu=yes
ac_cv_env_CC_set=
ac_cv_env_CC_value=
ac_cv_env_CFLAGS_set=
ac_cv_env_CFLAGS_value=
ac_cv_env_CPPFLAGS_set=
ac_cv_env_CPPFLAGS_value=
ac_cv_env_CPP_set=
ac_cv_env_CPP_value=
ac_cv_env_LDFLAGS_set=
ac_cv_env_LDFLAGS_value=
ac_cv_env_build_alias_set=
ac_cv_env_build_alias_value=
ac_cv_env_host_alias_set=
ac_cv_env_host_alias_value=
ac_cv_env_target_alias_set=
ac_cv_env_target_alias_value=
ac_cv_exeext=
ac_cv_func_asprintf=yes
ac_cv_func_chflags=no
ac_cv_func_getattrlist=no
ac_cv_func_getxattr=yes
ac_cv_func_lchmod=no
ac_cv_func_lchown=yes
ac_cv_func_lgetxattr=yes
ac_cv_func_lsetxattr=yes
ac_cv_func_setattrlist=no
ac_cv_func_setxattr=yes
ac_cv_func_statfs=yes
ac_cv_func_statvfs=yes
ac_cv_func_strmode=no
ac_cv_header_ext2fs_ext2_fs_h=no
ac_cv_header_inttypes_h=yes
ac_cv_header_libutil_h=no
ac_cv_header_libxml_xmlwriter_h=yes
ac_cv_header_memory_h=yes
ac_cv_header_openssl_evp_h=yes
ac_cv_header_stdc=yes
ac_cv_header_stdint_h=yes
ac_cv_header_stdlib_h=yes
ac_cv_header_string_h=yes
ac_cv_header_strings_h=yes
ac_cv_header_sys_extattr_h=no
ac_cv_header_sys_param_h=yes
ac_cv_header_sys_stat_h=yes
ac_cv_header_sys_statfs_h=yes
ac_cv_header_sys_types_h=yes
ac_cv_header_sys_xattr_h=yes
ac_cv_header_unistd_h=yes
ac_cv_host=x86_64-unknown-linux-gnu
ac_cv_host_alias=x86_64-unknown-linux-gnu
ac_cv_lib_acl_acl_get_file=no
ac_cv_lib_crypto_OpenSSL_add_all_ciphers=no
ac_cv_member_struct_stat_st_flags=no
ac_cv_member_struct_statfs_f_fstypename=no
ac_cv_member_struct_statvfs_f_fstypename=no
ac_cv_objext=o
ac_cv_path_AR=/usr/bin/ar
ac_cv_path_LD=/usr/bin/ld
ac_cv_path_RANLIB=/usr/bin/ranlib
ac_cv_path_XML2_CONFIG=/usr/bin/xml2-config
ac_cv_path_install='/usr/bin/install -c'
ac_cv_prog_CPP='gcc -E'
ac_cv_prog_ac_ct_CC=gcc
ac_cv_prog_cc_g=yes
ac_cv_prog_cc_stdc=
ac_cv_prog_egrep='grep -E'
ac_cv_sizeof_dev_t=8
ac_cv_sizeof_gid_t=4
ac_cv_sizeof_ino_t=8
ac_cv_sizeof_uid_t=4
ac_cv_sys_file_offset_bits=no
ac_cv_sys_large_files=no
ac_cv_sys_largefile_CC=no
ac_cv_type_dev_t=yes
ac_cv_type_gid_t=yes
ac_cv_type_ino_t=yes
ac_cv_type_uid_t=yes

## ----------------- ##
## Output variables. ##
## ----------------- ##

AR='/usr/bin/ar'
AUTOCONF=''
BINDIR='/usr/local/bin'
CC='gcc'
CFLAGS='-Wall -g'
CPP='gcc -E'
CPPFLAGS=' -D_GNU_SOURCE -I/usr/include/libxml2'
DATADIR='/usr/local/share'
DEFS=''
ECHO_C=''
ECHO_N='-n'
ECHO_T=''
EGREP='grep -E'
EXEEXT=''
INCLUDEDIR='/usr/local/include'
INSTALL_DATA='${INSTALL} -m 644'
INSTALL_PROGRAM='${INSTALL}'
INSTALL_SCRIPT='${INSTALL}'
LD='/usr/bin/ld'
LDFLAGS=''
LIBDIR='/usr/local/lib'
LIBOBJS=''
LIBS=' -lxml2'
LIB_REV='1'
LTLIBOBJS=''
MANDIR='/usr/local/man'
OBJEXT='o'
PACKAGE_BUGREPORT='xar-devel@googlegroups.com'
PACKAGE_NAME='Xar'
PACKAGE_STRING='Xar 1.5.2'
PACKAGE_TARNAME='xar'
PACKAGE_VERSION='1.5.2'
PATH_SEPARATOR=':'
PREFIX='/usr/local'
RANLIB='/usr/bin/ranlib'
RPATH='-Wl,-rpath,'
SHELL='/bin/bash'
XAR_MAJOR_VERSION='1'
XAR_MINOR_VERSION='5.2'
XAR_VERSION='1.5.2'
XML2_CONFIG='/usr/bin/xml2-config'
abi='elf'
abs_objroot='/opt/ObfuscatedEmpire/setup/xar-1.5.2/'
abs_srcroot='/opt/ObfuscatedEmpire/setup/xar-1.5.2/'
ac_ct_CC='gcc'
bindir='${exec_prefix}/bin'
build='x86_64-unknown-linux-gnu'
build_alias=''
build_cpu='x86_64'
build_os='linux-gnu'
build_vendor='unknown'
cfghdrs='cfghdrs.stamp include/config.h'
cfgoutputs='cfgoutputs.stamp Makefile include/xar.h lib/Makefile.inc lib/libxar.la.in src/Makefile.inc xar.spec'
datadir='${prefix}/share'
enable_autogen='0'
exec_prefix='/usr/local'
host='x86_64-unknown-linux-gnu'
host_alias=''
host_cpu='x86_64'
host_os='linux-gnu'
host_vendor='unknown'
includedir='${prefix}/include'
infodir='${prefix}/info'
libdir='${exec_prefix}/lib'
libexecdir='${exec_prefix}/libexec'
localstatedir='${prefix}/var'
mandir='${prefix}/man'
objroot=''
oldincludedir='/usr/include'
prefix='/usr/local'
program_transform_name='s,x,x,'
sbindir='${exec_prefix}/sbin'
shared='yes'
sharedstatedir='${prefix}/com'
srcroot=''
static='yes'
sysconfdir='${prefix}/etc'
target_alias=''

## ----------- ##
## confdefs.h. ##
## ----------- ##

#define DEV_CAST (uint64_t)
#define DEV_HEXSTRING PRIx64
#define DEV_STRING PRId64
#define GID_CAST (uint32_t)
#define GID_STRING PRId32
#define HAVE_ASPRINTF 1
#define HAVE_GETXATTR 1
#define HAVE_INTTYPES_H 1
#define HAVE_LCHOWN 1
#define HAVE_LGETXATTR 1
#define HAVE_LSETXATTR 1
#define HAVE_MEMORY_H 1
#define HAVE_OPENSSL_EVP_H 1
#define HAVE_SETXATTR 1
#define HAVE_STATFS 1
#define HAVE_STATVFS 1
#define HAVE_STDINT_H 1
#define HAVE_STDLIB_H 1
#define HAVE_STRINGS_H 1
#define HAVE_STRING_H 1
#define HAVE_SYS_PARAM_H 1
#define HAVE_SYS_STATFS_H 1
#define HAVE_SYS_STAT_H 1
#define HAVE_SYS_TYPES_H 1
#define HAVE_SYS_XATTR_H 1
#define HAVE_UNISTD_H 1
#define INO_CAST (uint64_t)
#define INO_HEXSTRING PRIx64
#define INO_STRING PRId64
#define PACKAGE_BUGREPORT "xar-devel@googlegroups.com"
#define PACKAGE_NAME "Xar"
#define PACKAGE_STRING "Xar 1.5.2"
#define PACKAGE_TARNAME "xar"
#define PACKAGE_VERSION "1.5.2"
#define SIZEOF_DEV_T 8
#define SIZEOF_GID_T 4
#define SIZEOF_INO_T 8
#define SIZEOF_UID_T 4
#define STDC_HEADERS 1
#define UID_CAST (uint32_t)
#define UID_STRING RId32

configure: exit 1
